0 info it worked if it ends with ok
1 verbose cli [ '/Users/sarahpaetsch/.node/bin/node',
1 verbose cli   '/Users/sarahpaetsch/.node/bin/npm',
1 verbose cli   'install',
1 verbose cli   'minifycss',
1 verbose cli   '--save-dev' ]
2 info using npm@1.4.28
3 info using node@v0.10.35
4 verbose readDependencies using package.json deps
5 verbose cache add [ 'minifycss', null ]
6 verbose cache add name=undefined spec="minifycss" args=["minifycss",null]
7 verbose parsed url { protocol: null,
7 verbose parsed url   slashes: null,
7 verbose parsed url   auth: null,
7 verbose parsed url   host: null,
7 verbose parsed url   port: null,
7 verbose parsed url   hostname: null,
7 verbose parsed url   hash: null,
7 verbose parsed url   search: null,
7 verbose parsed url   query: null,
7 verbose parsed url   pathname: 'minifycss',
7 verbose parsed url   path: 'minifycss',
7 verbose parsed url   href: 'minifycss' }
8 silly lockFile eb22b0f0-minifycss minifycss
9 verbose lock minifycss /Users/sarahpaetsch/.npm/eb22b0f0-minifycss.lock
10 silly lockFile eb22b0f0-minifycss minifycss
11 silly lockFile eb22b0f0-minifycss minifycss
12 verbose addNamed [ 'minifycss', '' ]
13 verbose addNamed [ null, '*' ]
14 silly lockFile 259ff235-minifycss minifycss@
15 verbose lock minifycss@ /Users/sarahpaetsch/.npm/259ff235-minifycss.lock
16 silly addNameRange { name: 'minifycss', range: '*', hasData: false }
17 verbose request where is /minifycss
18 verbose request registry https://registry.npmjs.org/
19 verbose request id 86f24f186c7fe89e
20 verbose url raw /minifycss
21 verbose url resolving [ 'https://registry.npmjs.org/', './minifycss' ]
22 verbose url resolved https://registry.npmjs.org/minifycss
23 verbose request where is https://registry.npmjs.org/minifycss
24 info trying registry request attempt 1 at 14:51:45
25 http GET https://registry.npmjs.org/minifycss
26 http 404 https://registry.npmjs.org/minifycss
27 verbose headers { server: 'CouchDB/1.5.0 (Erlang OTP/R16B03)',
27 verbose headers   'content-type': 'application/json',
27 verbose headers   'cache-control': 'max-age=0',
27 verbose headers   'content-length': '51',
27 verbose headers   'accept-ranges': 'bytes',
27 verbose headers   date: 'Mon, 27 Jul 2015 21:51:45 GMT',
27 verbose headers   via: '1.1 varnish',
27 verbose headers   age: '0',
27 verbose headers   connection: 'keep-alive',
27 verbose headers   'x-served-by': 'cache-dfw1823-DFW',
27 verbose headers   'x-cache': 'MISS',
27 verbose headers   'x-cache-hits': '0',
27 verbose headers   'x-timer': 'S1438033905.488990,VS0,VE268' }
28 silly registry.get cb [ 404,
28 silly registry.get   { server: 'CouchDB/1.5.0 (Erlang OTP/R16B03)',
28 silly registry.get     'content-type': 'application/json',
28 silly registry.get     'cache-control': 'max-age=0',
28 silly registry.get     'content-length': '51',
28 silly registry.get     'accept-ranges': 'bytes',
28 silly registry.get     date: 'Mon, 27 Jul 2015 21:51:45 GMT',
28 silly registry.get     via: '1.1 varnish',
28 silly registry.get     age: '0',
28 silly registry.get     connection: 'keep-alive',
28 silly registry.get     'x-served-by': 'cache-dfw1823-DFW',
28 silly registry.get     'x-cache': 'MISS',
28 silly registry.get     'x-cache-hits': '0',
28 silly registry.get     'x-timer': 'S1438033905.488990,VS0,VE268' } ]
29 silly lockFile 259ff235-minifycss minifycss@
30 silly lockFile 259ff235-minifycss minifycss@
31 error 404 404 Not Found: minifycss
31 error 404
31 error 404 'minifycss' is not in the npm registry.
31 error 404 You should bug the author to publish it
31 error 404 It was specified as a dependency of 'Global_Good_Will'
31 error 404
31 error 404 Note that you can also install from a
31 error 404 tarball, folder, or http url, or git url.
32 error System Darwin 14.4.0
33 error command "/Users/sarahpaetsch/.node/bin/node" "/Users/sarahpaetsch/.node/bin/npm" "install" "minifycss" "--save-dev"
34 error cwd /Users/sarahpaetsch/Desktop/CODEFELLOWS/PROJECTS/surplusconnection
35 error node -v v0.10.35
36 error npm -v 1.4.28
37 error code E404
38 verbose exit [ 1, true ]
